<?xml version="1.0" encoding="UTF-8"?>
<!-- Generated by org.testng.reporters.JUnitReportReporter -->
<testsuite hostname="LAPTOP-C2RA5JIE" failures="0" tests="3" name="com.edureka.TestBase.LogIntoEdureka" time="29.072" errors="0" timestamp="2019-12-29T23:37:43 EST" skipped="1">
  <testcase classname="com.edureka.TestBase.LogIntoEdureka" name="Init" time="2.066"/>
  <testcase classname="com.edureka.TestBase.LogIntoEdureka" name="selectMyprofile" time="27.006"/>
  <testcase classname="com.edureka.TestBase.LogIntoEdureka" name="executeOthers">
    <skipped/>
  </testcase> <!-- executeOthers -->
</testsuite> <!-- com.edureka.TestBase.LogIntoEdureka -->
