<?xml version="1.0" encoding="UTF-8"?>
<!-- Generated by org.testng.reporters.JUnitReportReporter -->
<testsuite hostname="LAPTOP-C2RA5JIE" failures="0" tests="1" name="com.edureka.TestBase.Setup" time="59.739" errors="0" timestamp="2019-12-22T14:01:13 EST" skipped="0">
  <testcase classname="com.edureka.TestBase.Setup" name="login" time="59.739"/>
</testsuite> <!-- com.edureka.TestBase.Setup -->
