<?xml version="1.0" encoding="UTF-8"?>
<!-- Generated by org.testng.reporters.JUnitReportReporter -->
<testsuite hostname="LAPTOP-C2RA5JIE" failures="0" tests="4" name="com.edureka.TestBase.LogIntoEdureka" time="74.746" errors="0" timestamp="2019-12-30T17:28:14 EST" skipped="1">
  <testcase classname="com.edureka.TestBase.LogIntoEdureka" name="Init" time="2.540"/>
  <testcase classname="com.edureka.TestBase.LogIntoEdureka" name="selectMyprofile" time="64.799"/>
  <testcase classname="com.edureka.TestBase.LogIntoEdureka" name="checkForMycourses" time="7.407"/>
  <testcase classname="com.edureka.TestBase.LogIntoEdureka" name="executeOthers">
    <skipped/>
  </testcase> <!-- executeOthers -->
</testsuite> <!-- com.edureka.TestBase.LogIntoEdureka -->
