<?xml version="1.0" encoding="UTF-8"?>
<!-- Generated by org.testng.reporters.JUnitReportReporter -->
<testsuite hostname="LAPTOP-C2RA5JIE" failures="0" tests="3" name="com.edureka.TestBase.LogIntoEdureka" time="40.622" errors="0" timestamp="2019-12-27T00:26:16 EST" skipped="1">
  <testcase classname="com.edureka.TestBase.LogIntoEdureka" name="Init" time="2.567"/>
  <testcase classname="com.edureka.TestBase.LogIntoEdureka" name="selectMyprofile" time="38.055"/>
  <testcase classname="com.edureka.TestBase.LogIntoEdureka" name="executeOthers">
    <skipped/>
  </testcase> <!-- executeOthers -->
</testsuite> <!-- com.edureka.TestBase.LogIntoEdureka -->
