<?xml version="1.0" encoding="UTF-8"?>
<!-- Generated by org.testng.reporters.JUnitReportReporter -->
<testsuite hostname="LAPTOP-C2RA5JIE" failures="0" tests="4" name="com.edureka.TestBase.LogIntoEdureka" time="21.957" errors="0" timestamp="2019-12-30T01:02:08 EST" skipped="2">
  <testcase classname="com.edureka.TestBase.LogIntoEdureka" name="Init" time="2.096"/>
  <testcase classname="com.edureka.TestBase.LogIntoEdureka" name="checkForMycourses" time="19.861"/>
  <testcase classname="com.edureka.TestBase.LogIntoEdureka" name="executeOthers">
    <skipped/>
  </testcase> <!-- executeOthers -->
  <testcase classname="com.edureka.TestBase.LogIntoEdureka" name="selectMyprofile">
    <skipped/>
  </testcase> <!-- selectMyprofile -->
</testsuite> <!-- com.edureka.TestBase.LogIntoEdureka -->
