<?xml version="1.0" encoding="UTF-8"?>
<!-- Generated by org.testng.reporters.JUnitReportReporter -->
<testsuite hostname="LAPTOP-C2RA5JIE" failures="0" tests="4" name="com.edureka.TestBase.LogIntoEdureka" time="27.240" errors="0" timestamp="2019-12-30T13:25:11 EST" skipped="2">
  <testcase classname="com.edureka.TestBase.LogIntoEdureka" name="Init" time="2.259"/>
  <testcase classname="com.edureka.TestBase.LogIntoEdureka" name="checkForMycourses" time="24.981"/>
  <testcase classname="com.edureka.TestBase.LogIntoEdureka" name="executeOthers">
    <skipped/>
  </testcase> <!-- executeOthers -->
  <testcase classname="com.edureka.TestBase.LogIntoEdureka" name="selectMyprofile">
    <skipped/>
  </testcase> <!-- selectMyprofile -->
</testsuite> <!-- com.edureka.TestBase.LogIntoEdureka -->
